{"/Users/feng/Documents/MyProject/components-design/src/components/button/Button.vue": {"path":"/Users/feng/Documents/MyProject/components-design/src/components/button/Button.vue","statementMap":{"0":{"start":{"line":11,"column":0},"end":{"line":11,"column":6}},"1":{"start":{"line":17,"column":0},"end":{"line":17,"column":null}},"2":{"start":{"line":18,"column":0},"end":{"line":18,"column":null}},"3":{"start":{"line":11,"column":20},"end":{"line":11,"column":null}},"4":{"start":{"line":29,"column":21},"end":{"line":29,"column":null}},"5":{"start":{"line":30,"column":19},"end":{"line":30,"column":28}},"6":{"start":{"line":30,"column":34},"end":{"line":30,"column":39}}},"fnMap":{"0":{"name":"(anonymous_3)","decl":{"start":{"line":30,"column":28},"end":{"line":30,"column":34}},"loc":{"start":{"line":30,"column":28},"end":{"line":30,"column":null}}}},"branchMap":{"0":{"loc":{"start":{"line":30,"column":34},"end":{"line":30,"column":65}},"type":"binary-expr","locations":[{"start":{"line":30,"column":34},"end":{"line":30,"column":48}},{"start":{"line":30,"column":48},"end":{"line":30,"column":65}}]}},"s":{"0":1,"1":1,"2":1,"3":1,"4":2,"5":2,"6":2},"f":{"0":2},"b":{"0":[2,1]}}
,"/Users/feng/Documents/MyProject/components-design/src/hooks/use-global-config.ts": {"path":"/Users/feng/Documents/MyProject/components-design/src/hooks/use-global-config.ts","statementMap":{"0":{"start":{"line":1,"column":0},"end":{"line":1,"column":67}},"1":{"start":{"line":4,"column":51},"end":{"line":4,"column":71}},"2":{"start":{"line":5,"column":2},"end":{"line":7,"column":null}},"3":{"start":{"line":6,"column":4},"end":{"line":6,"column":10}},"4":{"start":{"line":8,"column":2},"end":{"line":8,"column":null}},"5":{"start":{"line":3,"column":0},"end":{"line":3,"column":16}}},"fnMap":{"0":{"name":"useGlobalConfig","decl":{"start":{"line":3,"column":16},"end":{"line":3,"column":31}},"loc":{"start":{"line":3,"column":31},"end":{"line":9,"column":1}}}},"branchMap":{"0":{"loc":{"start":{"line":5,"column":2},"end":{"line":7,"column":null}},"type":"if","locations":[{"start":{"line":5,"column":2},"end":{"line":7,"column":null}}]},"1":{"loc":{"start":{"line":8,"column":9},"end":{"line":8,"column":69}},"type":"binary-expr","locations":[{"start":{"line":8,"column":9},"end":{"line":8,"column":63}},{"start":{"line":8,"column":67},"end":{"line":8,"column":69}}]}},"s":{"0":1,"1":2,"2":2,"3":0,"4":2,"5":1},"f":{"0":2},"b":{"0":[0],"1":[2,2]}}
}
